<?xml version="1.0" encoding="UTF-8"?>
<!-- Generated by org.testng.reporters.JUnitXMLReporter -->
<testsuite ignored="0" hostname="LAPTOP-0A2M3F1A" failures="0" tests="15" name="Test" time="602.535" errors="0" timestamp="2023-06-09T11:06:59 IST">
  <testcase classname="com.qa.ohrm.testcases.LoginPageTest" name="title" time="0.105"/>
  <testcase classname="com.qa.ohrm.testcases.LoginPageTest" name="loginSuccess" time="13.45"/>
  <testcase classname="com.qa.ohrm.testcases.HomePageTest" name="getTimePage" time="4.151"/>
  <testcase classname="com.qa.ohrm.testcases.TimePageTest" name="clickAttendance" time="0.112"/>
  <testcase classname="com.qa.ohrm.testcases.PunchInTest" name="Note" time="0.164"/>
  <testcase classname="com.qa.ohrm.testcases.PunchInTest" name="In" time="6.162"/>
  <testcase classname="com.qa.ohrm.testcases.PunchOutTest" name="enterNote" time="0.229"/>
  <testcase classname="com.qa.ohrm.testcases.PunchOutTest" name="Out" time="5.447"/>
  <testcase classname="com.qa.ohrm.testcases.TimeSheetTest" name="timeSheet" time="0.111"/>
  <testcase classname="com.qa.ohrm.testcases.TimeSheetTest" name="employee" time="0.703"/>
  <testcase classname="com.qa.ohrm.testcases.TimeSheetTest" name="getRecord" time="0.297"/>
  <testcase classname="com.qa.ohrm.testcases.WeekTimeSheetTest" name="edit" time="3.543"/>
  <testcase classname="com.qa.ohrm.testcases.WeekTimeSheetTest" name="clickAddRow" time="3.686"/>
  <testcase classname="com.qa.ohrm.testcases.WeekTimeSheetTest" name="clickReset" time="6.075"/>
  <testcase classname="com.qa.ohrm.testcases.WeekTimeSheetTest" name="clickCancel" time="5.797"/>
</testsuite> <!-- Test -->
