<?xml version="1.0" encoding="UTF-8"?>
<!-- Generated by org.testng.reporters.JUnitXMLReporter -->
<testsuite ignored="0" hostname="LAPTOP-0A2M3F1A" failures="0" tests="4" name="Default test" time="255.671" errors="0" timestamp="2023-06-09T02:12:20 IST">
  <testcase classname="com.qa.ohrm.testcases.WeekTimeSheetTest" name="edit" time="3.852"/>
  <testcase classname="com.qa.ohrm.testcases.WeekTimeSheetTest" name="clickAddRow" time="6.389"/>
  <testcase classname="com.qa.ohrm.testcases.WeekTimeSheetTest" name="clickReset" time="5.757"/>
  <testcase classname="com.qa.ohrm.testcases.WeekTimeSheetTest" name="clickCancel" time="4.466"/>
</testsuite> <!-- Default test -->
